{"name":"Свайп статьи","status":"broken","statusDetails":{"known":false,"muted":false,"flaky":false,"message":"Expected condition failed: Cannot find and click search result with substring bject-oriented programming language\n (tried for 10 second(s) with 500 milliseconds interval)","trace":"org.openqa.selenium.TimeoutException: Expected condition failed: Cannot find and click search result with substring bject-oriented programming language\n (tried for 10 second(s) with 500 milliseconds interval)\n\tat org.openqa.selenium.support.ui.WebDriverWait.timeoutException(WebDriverWait.java:81)\n\tat org.openqa.selenium.support.ui.FluentWait.until(FluentWait.java:271)\n\tat lib.ui.MainPageObject.waitForElementPresent(MainPageObject.java:35)\n\tat lib.ui.MainPageObject.waitForElementAndClick(MainPageObject.java:47)\n\tat lib.ui.SearchPageObject.clickByArticleWithSubstring(SearchPageObject.java:62)\n\tat tests.ArticleTests.testSwipeArticle(ArticleTests.java:46)\n\tat sun.reflect.NativeMethodAccessorImpl.invoke0(Native Method)\n\tat sun.reflect.NativeMethodAccessorImpl.invoke(NativeMethodAccessorImpl.java:62)\n\tat sun.reflect.DelegatingMethodAccessorImpl.invoke(DelegatingMethodAccessorImpl.java:43)\n\tat java.lang.reflect.Method.invoke(Method.java:497)\n\tat org.junit.runners.model.FrameworkMethod$1.runReflectiveCall(FrameworkMethod.java:50)\n\tat org.junit.internal.runners.model.ReflectiveCallable.run(ReflectiveCallable.java:12)\n\tat org.junit.runners.model.FrameworkMethod.invokeExplosively(FrameworkMethod.java:47)\n\tat org.junit.internal.runners.statements.InvokeMethod.evaluate(InvokeMethod.java:17)\n\tat org.junit.internal.runners.statements.RunBefores.evaluate(RunBefores.java:26)\n\tat org.junit.internal.runners.statements.RunAfters.evaluate(RunAfters.java:27)\n\tat org.junit.runners.ParentRunner.runLeaf(ParentRunner.java:325)\n\tat org.junit.runners.BlockJUnit4ClassRunner.runChild(BlockJUnit4ClassRunner.java:78)\n\tat org.junit.runners.BlockJUnit4ClassRunner.runChild(BlockJUnit4ClassRunner.java:57)\n\tat org.junit.runners.ParentRunner$3.run(ParentRunner.java:290)\n\tat org.junit.runners.ParentRunner$1.schedule(ParentRunner.java:71)\n\tat org.junit.runners.ParentRunner.runChildren(ParentRunner.java:288)\n\tat org.junit.runners.ParentRunner.access$000(ParentRunner.java:58)\n\tat org.junit.runners.ParentRunner$2.evaluate(ParentRunner.java:268)\n\tat org.junit.runners.ParentRunner.run(ParentRunner.java:363)\n\tat org.apache.maven.surefire.junit4.JUnit4Provider.execute(JUnit4Provider.java:365)\n\tat org.apache.maven.surefire.junit4.JUnit4Provider.executeWithRerun(JUnit4Provider.java:273)\n\tat org.apache.maven.surefire.junit4.JUnit4Provider.executeTestSet(JUnit4Provider.java:238)\n\tat org.apache.maven.surefire.junit4.JUnit4Provider.invoke(JUnit4Provider.java:159)\n\tat org.apache.maven.surefire.booter.ForkedBooter.invokeProviderInSameClassLoader(ForkedBooter.java:384)\n\tat org.apache.maven.surefire.booter.ForkedBooter.runSuitesInProcess(ForkedBooter.java:345)\n\tat org.apache.maven.surefire.booter.ForkedBooter.execute(ForkedBooter.java:126)\n\tat org.apache.maven.surefire.booter.ForkedBooter.main(ForkedBooter.java:418)\nCaused by: org.openqa.selenium.NoSuchElementException: Cannot locate an element using By.xpath: //div[contains(@class,'wikidata-description')][contains(text(),'bject-oriented programming language')]\nFor documentation on this error, please visit: http://seleniumhq.org/exceptions/no_such_element.html\nBuild info: version: '3.12.0', revision: '7c6e0b3', time: '2018-05-08T14:04:26.12Z'\nSystem info: host: 'MacBook-Pro-7.local', ip: '2a00:1370:812b:b5f0:efe2:6b15:a64b:e839', os.name: 'Mac OS X', os.arch: 'x86_64', os.version: '10.15.4', java.version: '1.8.0_60'\nDriver info: driver.version: unknown\n\tat org.openqa.selenium.support.ui.ExpectedConditions.lambda$findElement$0(ExpectedConditions.java:896)\n\tat java.util.Optional.orElseThrow(Optional.java:290)\n\tat org.openqa.selenium.support.ui.ExpectedConditions.findElement(ExpectedConditions.java:895)\n\tat org.openqa.selenium.support.ui.ExpectedConditions.access$000(ExpectedConditions.java:44)\n\tat org.openqa.selenium.support.ui.ExpectedConditions$6.apply(ExpectedConditions.java:183)\n\tat org.openqa.selenium.support.ui.ExpectedConditions$6.apply(ExpectedConditions.java:180)\n\tat org.openqa.selenium.support.ui.FluentWait.until(FluentWait.java:248)\n\t... 31 more\n"},"stage":"finished","description":"Листаем статью вниз пока не покажется футер","steps":[],"attachments":[],"parameters":[],"start":1601736246713,"stop":1601736259388,"uuid":"ab215ed1-04d3-4bd4-8d67-8bb13a6c1e5b","historyId":"7f0c4cefb7e667cbf379186cd4f573c5","fullName":"tests.ArticleTests.testSwipeArticle","labels":[{"name":"package","value":"tests"},{"name":"testClass","value":"tests.ArticleTests"},{"name":"testMethod","value":"testSwipeArticle"},{"name":"suite","value":"tests.ArticleTests"},{"name":"host","value":"MacBook-Pro-7.local"},{"name":"thread","value":"83464@MacBook-Pro-7.local.main(1)"},{"name":"framework","value":"junit4"},{"name":"language","value":"java"},{"name":"epic","value":"Статьи"}],"links":[]}